Base path: C:/Program Files (x86)/Unity/Editor/Data
Pipe name: \\.\pipe\UnityShaderCompiler-6-5060
Cmd: getPlatforms
Cmd: compileSnippet
  api=0 type=0 insize=1526 outsize=614 kw=SOFTPARTICLES_ON ok=1
Cmd: compileSnippet
  api=4 type=1 insize=1526 outsize=1599 kw=SOFTPARTICLES_ON ok=1
Cmd: compileSnippet
  api=8 type=0 insize=984 outsize=2885 kw= ok=1
Cmd: compileSnippet
  api=8 type=1 insize=984 outsize=675 kw= ok=1
Cmd: compileSnippet
  api=8 type=0 insize=397 outsize=1162 kw= ok=1
Cmd: compileSnippet
  api=1 type=0 insize=1643 outsize=299 kw= ok=1
Cmd: compileSnippet
  api=8 type=1 insize=1643 outsize=2153 kw= ok=1
Cmd: compileSnippet
  api=8 type=0 insize=1287 outsize=2023 kw= ok=1
Unhandled exception: Readfile from pipe failed. GLE=The pipe has been ended.


Quitting shader compiler process
